C51 COMPILER V9.55   VER1_0                                                                03/12/2019 10:44:58 PAGE 1   


C51 COMPILER V9.55, COMPILATION OF MODULE VER1_0
OBJECT MODULE PLACED IN ver1_0.OBJ
COMPILER INVOKED BY: C:\Keil_v5\C51\BIN\C51.EXE ver1_0.c LARGE OPTIMIZE(8,SIZE) BROWSE FLOATFUZZY(7) DEBUG OBJECTEXTEND 
                    -TABS(2)

line level    source

*** WARNING C500 IN LINE 1 OF ver1_0.c: LICENSE ERROR (R207(3): REGISTRY READ ERROR)

   1          //-----------------------------------------------------------------------------
   2          // Includes
   3          //-----------------------------------------------------------------------------
   4          
   5          #include <C8051F020.h>                 // SFR declarations
   6          #include <stdio.H>
   7          #include <string.H>
   8          #include <math.H>
   9          #include <INTRINS.H>
  10          void main()
  11          {
  12   1        int project1,x;
  13   1        
  14   1        do
  15   1        {
  16   2          x =5;
  17   2          project1 = 10;
  18   2        }while(1);
  19   1        
  20   1      }


MODULE INFORMATION:   STATIC OVERLAYABLE
   CODE SIZE        =     20    ----
   CONSTANT SIZE    =   ----    ----
   XDATA SIZE       =   ----       4
   PDATA SIZE       =   ----    ----
   DATA SIZE        =   ----    ----
   IDATA SIZE       =   ----    ----
   BIT SIZE         =   ----    ----
END OF MODULE INFORMATION.


C51 COMPILATION COMPLETE.  1 WARNING(S),  0 ERROR(S)
